<?xml version="1.0" encoding="UTF-8"?>
<!-- Generated by org.testng.reporters.JUnitReportReporter -->
<testsuite hostname="LAPTOP-0KCN5936" failures="0" tests="4" name="org.pageexecution.LoginPageExecution" time="6.211" errors="0" timestamp="05 Feb 2022 06:22:24 GMT" skipped="0">
  <testcase classname="org.pageexecution.LoginPageExecution" name="test2" time="1.794"/>
  <testcase classname="org.pageexecution.LoginPageExecution" name="test2" time="1.640"/>
  <testcase classname="org.pageexecution.LoginPageExecution" name="test1" time="1.375"/>
  <testcase classname="org.pageexecution.LoginPageExecution" name="test1" time="1.402"/>
</testsuite> <!-- org.pageexecution.LoginPageExecution -->
