<?xml version="1.0" encoding="UTF-8"?>
<!-- Generated by org.testng.reporters.JUnitReportReporter -->
<testsuite hostname="LAPTOP-0KCN5936" failures="0" tests="4" name="org.pageexecution.HomePageExecution" time="5.529" errors="0" timestamp="05 Feb 2022 06:22:24 GMT" skipped="0">
  <testcase classname="org.pageexecution.HomePageExecution" name="test2" time="1.360"/>
  <testcase classname="org.pageexecution.HomePageExecution" name="test1" time="1.148"/>
  <testcase classname="org.pageexecution.HomePageExecution" name="test2" time="1.657"/>
  <testcase classname="org.pageexecution.HomePageExecution" name="test1" time="1.364"/>
</testsuite> <!-- org.pageexecution.HomePageExecution -->
